<?xml version="1.0" encoding="UTF-8"?>
<testng-results ignored="0" total="1" passed="1" failed="0" skipped="0">
  <reporter-output>
  </reporter-output>
  <suite started-at="2024-08-06T10:05:32 IST" name="Default suite" finished-at="2024-08-06T10:06:16 IST" duration-ms="43098">
    <groups>
    </groups>
    <test started-at="2024-08-06T10:05:32 IST" name="Default test" finished-at="2024-08-06T10:06:16 IST" duration-ms="43098">
      <class name="trry.Test_Prog">
        <test-method is-config="true" signature="setup()[pri:0, instance:trry.Test_Prog@514646ef]" started-at="2024-08-06T10:05:32 IST" name="setup" finished-at="2024-08-06T10:05:39 IST" duration-ms="6252" status="PASS">
          <reporter-output>
          </reporter-output>
        </test-method> <!-- setup -->
        <test-method signature="login()[pri:0, instance:trry.Test_Prog@514646ef]" started-at="2024-08-06T10:05:39 IST" name="login" finished-at="2024-08-06T10:06:15 IST" duration-ms="36733" status="PASS">
          <reporter-output>
          </reporter-output>
        </test-method> <!-- login -->
        <test-method is-config="true" signature="tearDown()[pri:0, instance:trry.Test_Prog@514646ef]" started-at="2024-08-06T10:06:15 IST" name="tearDown" finished-at="2024-08-06T10:06:16 IST" duration-ms="71" status="PASS">
          <reporter-output>
          </reporter-output>
        </test-method> <!-- tearDown -->
      </class> <!-- trry.Test_Prog -->
    </test> <!-- Default test -->
  </suite> <!-- Default suite -->
</testng-results>
